<?xml version="1.0" encoding="UTF-8"?>
<!-- Generated by org.testng.reporters.JUnitXMLReporter -->
<testsuite ignored="0" hostname="Rajaneesh" failures="0" tests="12" name="Default test" time="22.273" errors="0" timestamp="2024-01-18T07:24:48 IST">
  <testcase classname="api.test.DDTests" name="testPostUser" time="4.349"/>
  <testcase classname="api.test.DDTests" name="testPostUser" time="1.481"/>
  <testcase classname="api.test.DDTests" name="testPostUser" time="1.428"/>
  <testcase classname="api.test.DDTests" name="testPostUser" time="1.467"/>
  <testcase classname="api.test.DDTests" name="testPostUser" time="1.397"/>
  <testcase classname="api.test.DDTests" name="testPostUser" time="1.537"/>
  <testcase classname="api.test.DDTests" name="testDeleteUserByName" time="1.416"/>
  <testcase classname="api.test.DDTests" name="testDeleteUserByName" time="1.313"/>
  <testcase classname="api.test.DDTests" name="testDeleteUserByName" time="1.336"/>
  <testcase classname="api.test.DDTests" name="testDeleteUserByName" time="1.34"/>
  <testcase classname="api.test.DDTests" name="testDeleteUserByName" time="1.211"/>
  <testcase classname="api.test.DDTests" name="testDeleteUserByName" time="1.276"/>
</testsuite> <!-- Default test -->
