<?xml version="1.0" encoding="UTF-8"?>
<testsuite xmlns:xsi="http://www.w3.org/2001/XMLSchema-instance" xsi:noNamespaceSchemaLocation="https://maven.apache.org/surefire/maven-surefire-plugin/xsd/surefire-test-report-3.0.xsd" version="3.0" name="TestSuite" time="12.323" tests="4" errors="0" skipped="0" failures="0">
  <properties>
[...]
</properties>
  <testcase name="testPostUser" classname="api.test.UserTests2" time="3.849">
    <system-out><![CDATA[17:29:22.104 [main] INFO  api.test.UserTests2 - *****Creating a User*****
HTTP/1.1 200 OK
Date: Thu, 18 Jan 2024 11:59:25 GMT
Content-Type: application/json
Transfer-Encoding: chunked
Connection: keep-alive
Access-Control-Allow-Origin: *
Access-Control-Allow-Methods: GET, POST, DELETE, PUT
Access-Control-Allow-Headers: Content-Type, api_key, Authorization
Server: Jetty(9.2.9.v20150224)

{
    "code": 200,
    "type": "unknown",
    "message": "1620823990"
}
17:29:25.936 [main] INFO  api.test.UserTests2 - *****User is Created*****
]]></system-out>
    <system-err><![CDATA[SLF4J: Failed to load class "org.slf4j.impl.StaticLoggerBinder".
SLF4J: Defaulting to no-operation (NOP) logger implementation
SLF4J: See http://www.slf4j.org/codes.html#StaticLoggerBinder for further details.
]]></system-err>
  </testcase>
  <testcase name="testGetUserByName" classname="api.test.UserTests2" time="1.456">
    <system-out><![CDATA[17:29:25.951 [main] INFO  api.test.UserTests2 - *****Reading User Details*****
HTTP/1.1 200 OK
Date: Thu, 18 Jan 2024 11:59:27 GMT
Content-Type: application/json
Transfer-Encoding: chunked
Connection: keep-alive
Access-Control-Allow-Origin: *
Access-Control-Allow-Methods: GET, POST, DELETE, PUT
Access-Control-Allow-Headers: Content-Type, api_key, Authorization
Server: Jetty(9.2.9.v20150224)

{
    "id": 1620823990,
    "username": "weldon.swift",
    "firstName": "Allen",
    "lastName": "Kirlin",
    "email": "wilburn.ratke@example.com",
    "password": "cfw9d",
    "phone": "(943) 255-9104",
    "userStatus": 0
}
17:29:27.407 [main] INFO  api.test.UserTests2 - ***** User Details is Displayed*****
]]></system-out>
  </testcase>
  <testcase name="testUpdateUserByName" classname="api.test.UserTests2" time="2.639">
    <system-out><![CDATA[17:29:27.407 [main] INFO  api.test.UserTests2 - *****Updating User Details*****
HTTP/1.1 200 OK
Date: Thu, 18 Jan 2024 11:59:28 GMT
Content-Type: application/json
Transfer-Encoding: chunked
Connection: keep-alive
Access-Control-Allow-Origin: *
Access-Control-Allow-Methods: GET, POST, DELETE, PUT
Access-Control-Allow-Headers: Content-Type, api_key, Authorization
Server: Jetty(9.2.9.v20150224)

{
    "code": 200,
    "type": "unknown",
    "message": "1620823990"
}
HTTP/1.1 200 OK
Date: Thu, 18 Jan 2024 11:59:30 GMT
Content-Type: application/json
Transfer-Encoding: chunked
Connection: keep-alive
Access-Control-Allow-Origin: *
Access-Control-Allow-Methods: GET, POST, DELETE, PUT
Access-Control-Allow-Headers: Content-Type, api_key, Authorization
Server: Jetty(9.2.9.v20150224)

{
    "id": 1620823990,
    "username": "weldon.swift",
    "firstName": "Ariel",
    "lastName": "Reichert",
    "email": "kori.parker@example.com",
    "password": "cfw9d",
    "phone": "(943) 255-9104",
    "userStatus": 0
}
17:29:30.042 [main] INFO  api.test.UserTests2 - *****Updated User Details*****
]]></system-out>
  </testcase>
  <testcase name="testDeleteUserByName" classname="api.test.UserTests2" time="1.524">
    <system-out><![CDATA[17:29:30.046 [main] INFO  api.test.UserTests2 - *****Deleting User Details*****
17:29:31.570 [main] INFO  api.test.UserTests2 - *****Deleted User Details*****
]]></system-out>
  </testcase>
</testsuite>