<?xml version="1.0" encoding="UTF-8"?>
<testng-results ignored="0" total="4" passed="4" failed="0" skipped="0">
  <reporter-output>
  </reporter-output>
  <suite started-at="2024-01-18T17:29:20 IST" name="PetSuite" finished-at="2024-01-18T17:29:31 IST" duration-ms="10889">
    <groups>
    </groups>
    <test started-at="2024-01-18T17:29:20 IST" name="PetTest" finished-at="2024-01-18T17:29:31 IST" duration-ms="10889">
      <class name="api.test.UserTests2">
        <test-method is-config="true" signature="setupData()[pri:0, instance:api.test.UserTests2@20ce78ec]" started-at="2024-01-18T17:29:21 IST" name="setupData" finished-at="2024-01-18T17:29:22 IST" duration-ms="1032" status="PASS">
          <reporter-output>
          </reporter-output>
        </test-method> <!-- setupData -->
        <test-method signature="testPostUser()[pri:1, instance:api.test.UserTests2@20ce78ec]" started-at="2024-01-18T17:29:22 IST" name="testPostUser" finished-at="2024-01-18T17:29:25 IST" duration-ms="3838" status="PASS">
          <reporter-output>
          </reporter-output>
        </test-method> <!-- testPostUser -->
        <test-method signature="testGetUserByName()[pri:2, instance:api.test.UserTests2@20ce78ec]" started-at="2024-01-18T17:29:25 IST" name="testGetUserByName" finished-at="2024-01-18T17:29:27 IST" duration-ms="1456" status="PASS">
          <reporter-output>
          </reporter-output>
        </test-method> <!-- testGetUserByName -->
        <test-method signature="testUpdateUserByName()[pri:3, instance:api.test.UserTests2@20ce78ec]" started-at="2024-01-18T17:29:27 IST" name="testUpdateUserByName" finished-at="2024-01-18T17:29:30 IST" duration-ms="2635" status="PASS">
          <reporter-output>
          </reporter-output>
        </test-method> <!-- testUpdateUserByName -->
        <test-method signature="testDeleteUserByName()[pri:4, instance:api.test.UserTests2@20ce78ec]" started-at="2024-01-18T17:29:30 IST" name="testDeleteUserByName" finished-at="2024-01-18T17:29:31 IST" duration-ms="1524" status="PASS">
          <reporter-output>
          </reporter-output>
        </test-method> <!-- testDeleteUserByName -->
      </class> <!-- api.test.UserTests2 -->
    </test> <!-- PetTest -->
  </suite> <!-- PetSuite -->
</testng-results>
