<?xml version="1.0" encoding="UTF-8"?>
<testng-results ignored="0" total="16" passed="16" failed="0" skipped="0">
  <reporter-output>
  </reporter-output>
  <suite started-at="2024-05-29T12:41:13 IST" name="PetSuite" finished-at="2024-05-29T12:41:47 IST" duration-ms="33497">
    <groups>
    </groups>
    <test started-at="2024-05-29T12:41:13 IST" name="PetTest" finished-at="2024-05-29T12:41:47 IST" duration-ms="33497">
      <class name="api.test.UserTests2">
        <test-method is-config="true" signature="setupData()[pri:0, instance:api.test.UserTests2@298a5e20]" started-at="2024-05-29T12:41:14 IST" name="setupData" finished-at="2024-05-29T12:41:16 IST" duration-ms="1705" status="PASS">
          <reporter-output>
          </reporter-output>
        </test-method> <!-- setupData -->
        <test-method signature="testPostUser()[pri:1, instance:api.test.UserTests2@298a5e20]" started-at="2024-05-29T12:41:16 IST" name="testPostUser" finished-at="2024-05-29T12:41:21 IST" duration-ms="5238" status="PASS">
          <reporter-output>
          </reporter-output>
        </test-method> <!-- testPostUser -->
        <test-method signature="testGetUserByName()[pri:2, instance:api.test.UserTests2@298a5e20]" started-at="2024-05-29T12:41:21 IST" name="testGetUserByName" finished-at="2024-05-29T12:41:22 IST" duration-ms="1457" status="PASS">
          <reporter-output>
          </reporter-output>
        </test-method> <!-- testGetUserByName -->
        <test-method signature="testUpdateUserByName()[pri:3, instance:api.test.UserTests2@298a5e20]" started-at="2024-05-29T12:41:22 IST" name="testUpdateUserByName" finished-at="2024-05-29T12:41:25 IST" duration-ms="2572" status="PASS">
          <reporter-output>
          </reporter-output>
        </test-method> <!-- testUpdateUserByName -->
        <test-method signature="testDeleteUserByName()[pri:4, instance:api.test.UserTests2@298a5e20]" started-at="2024-05-29T12:41:25 IST" name="testDeleteUserByName" finished-at="2024-05-29T12:41:26 IST" duration-ms="1260" status="PASS">
          <reporter-output>
          </reporter-output>
        </test-method> <!-- testDeleteUserByName -->
      </class> <!-- api.test.UserTests2 -->
      <class name="api.test.DDTests">
        <test-method signature="testPostUser(java.lang.String,java.lang.String,java.lang.String,java.lang.String,java.lang.String,java.lang.String,java.lang.String)[pri:1, instance:api.test.DDTests@1ed4ae0f]" started-at="2024-05-29T12:41:29 IST" name="testPostUser" data-provider="Data" finished-at="2024-05-29T12:41:31 IST" duration-ms="1446" status="PASS">
          <params>
            <param index="0">
              <value>
                <![CDATA[1223]]>
              </value>
            </param>
            <param index="1">
              <value>
                <![CDATA[TestUser1]]>
              </value>
            </param>
            <param index="2">
              <value>
                <![CDATA[Raj]]>
              </value>
            </param>
            <param index="3">
              <value>
                <![CDATA[gowda]]>
              </value>
            </param>
            <param index="4">
              <value>
                <![CDATA[raj@gmail.com]]>
              </value>
            </param>
            <param index="5">
              <value>
                <![CDATA[test@123]]>
              </value>
            </param>
            <param index="6">
              <value>
                <![CDATA[9678675645]]>
              </value>
            </param>
          </params>
          <reporter-output>
          </reporter-output>
        </test-method> <!-- testPostUser -->
        <test-method signature="testPostUser(java.lang.String,java.lang.String,java.lang.String,java.lang.String,java.lang.String,java.lang.String,java.lang.String)[pri:1, instance:api.test.DDTests@1ed4ae0f]" started-at="2024-05-29T12:41:31 IST" name="testPostUser" data-provider="Data" finished-at="2024-05-29T12:41:32 IST" duration-ms="1223" status="PASS">
          <params>
            <param index="0">
              <value>
                <![CDATA[1224]]>
              </value>
            </param>
            <param index="1">
              <value>
                <![CDATA[TestUser2]]>
              </value>
            </param>
            <param index="2">
              <value>
                <![CDATA[Keerthana]]>
              </value>
            </param>
            <param index="3">
              <value>
                <![CDATA[rao]]>
              </value>
            </param>
            <param index="4">
              <value>
                <![CDATA[kee@gmail.com]]>
              </value>
            </param>
            <param index="5">
              <value>
                <![CDATA[test@124]]>
              </value>
            </param>
            <param index="6">
              <value>
                <![CDATA[96786756467]]>
              </value>
            </param>
          </params>
          <reporter-output>
          </reporter-output>
        </test-method> <!-- testPostUser -->
        <test-method signature="testPostUser(java.lang.String,java.lang.String,java.lang.String,java.lang.String,java.lang.String,java.lang.String,java.lang.String)[pri:1, instance:api.test.DDTests@1ed4ae0f]" started-at="2024-05-29T12:41:32 IST" name="testPostUser" data-provider="Data" finished-at="2024-05-29T12:41:33 IST" duration-ms="1538" status="PASS">
          <params>
            <param index="0">
              <value>
                <![CDATA[1225]]>
              </value>
            </param>
            <param index="1">
              <value>
                <![CDATA[TestUser3]]>
              </value>
            </param>
            <param index="2">
              <value>
                <![CDATA[Dayya]]>
              </value>
            </param>
            <param index="3">
              <value>
                <![CDATA[ananda]]>
              </value>
            </param>
            <param index="4">
              <value>
                <![CDATA[day@gmail.com]]>
              </value>
            </param>
            <param index="5">
              <value>
                <![CDATA[test@125]]>
              </value>
            </param>
            <param index="6">
              <value>
                <![CDATA[96787736467]]>
              </value>
            </param>
          </params>
          <reporter-output>
          </reporter-output>
        </test-method> <!-- testPostUser -->
        <test-method signature="testPostUser(java.lang.String,java.lang.String,java.lang.String,java.lang.String,java.lang.String,java.lang.String,java.lang.String)[pri:1, instance:api.test.DDTests@1ed4ae0f]" started-at="2024-05-29T12:41:33 IST" name="testPostUser" data-provider="Data" finished-at="2024-05-29T12:41:35 IST" duration-ms="1433" status="PASS">
          <params>
            <param index="0">
              <value>
                <![CDATA[1226]]>
              </value>
            </param>
            <param index="1">
              <value>
                <![CDATA[TestUser4]]>
              </value>
            </param>
            <param index="2">
              <value>
                <![CDATA[Shabari]]>
              </value>
            </param>
            <param index="3">
              <value>
                <![CDATA[shab]]>
              </value>
            </param>
            <param index="4">
              <value>
                <![CDATA[shab@gmail.com]]>
              </value>
            </param>
            <param index="5">
              <value>
                <![CDATA[test@126]]>
              </value>
            </param>
            <param index="6">
              <value>
                <![CDATA[96788716467]]>
              </value>
            </param>
          </params>
          <reporter-output>
          </reporter-output>
        </test-method> <!-- testPostUser -->
        <test-method signature="testPostUser(java.lang.String,java.lang.String,java.lang.String,java.lang.String,java.lang.String,java.lang.String,java.lang.String)[pri:1, instance:api.test.DDTests@1ed4ae0f]" started-at="2024-05-29T12:41:35 IST" name="testPostUser" data-provider="Data" finished-at="2024-05-29T12:41:36 IST" duration-ms="1526" status="PASS">
          <params>
            <param index="0">
              <value>
                <![CDATA[1227]]>
              </value>
            </param>
            <param index="1">
              <value>
                <![CDATA[TestUser5]]>
              </value>
            </param>
            <param index="2">
              <value>
                <![CDATA[Ranjith]]>
              </value>
            </param>
            <param index="3">
              <value>
                <![CDATA[ranj]]>
              </value>
            </param>
            <param index="4">
              <value>
                <![CDATA[ranj@gmail.com]]>
              </value>
            </param>
            <param index="5">
              <value>
                <![CDATA[test@127]]>
              </value>
            </param>
            <param index="6">
              <value>
                <![CDATA[96789696467]]>
              </value>
            </param>
          </params>
          <reporter-output>
          </reporter-output>
        </test-method> <!-- testPostUser -->
        <test-method signature="testPostUser(java.lang.String,java.lang.String,java.lang.String,java.lang.String,java.lang.String,java.lang.String,java.lang.String)[pri:1, instance:api.test.DDTests@1ed4ae0f]" started-at="2024-05-29T12:41:36 IST" name="testPostUser" data-provider="Data" finished-at="2024-05-29T12:41:38 IST" duration-ms="1394" status="PASS">
          <params>
            <param index="0">
              <value>
                <![CDATA[1228]]>
              </value>
            </param>
            <param index="1">
              <value>
                <![CDATA[TestUser6]]>
              </value>
            </param>
            <param index="2">
              <value>
                <![CDATA[Rakshith]]>
              </value>
            </param>
            <param index="3">
              <value>
                <![CDATA[raks]]>
              </value>
            </param>
            <param index="4">
              <value>
                <![CDATA[raks@gmail.com]]>
              </value>
            </param>
            <param index="5">
              <value>
                <![CDATA[test@128]]>
              </value>
            </param>
            <param index="6">
              <value>
                <![CDATA[96789236468]]>
              </value>
            </param>
          </params>
          <reporter-output>
          </reporter-output>
        </test-method> <!-- testPostUser -->
        <test-method signature="testDeleteUserByName(java.lang.String)[pri:2, instance:api.test.DDTests@1ed4ae0f]" started-at="2024-05-29T12:41:38 IST" name="testDeleteUserByName" data-provider="UserNames" finished-at="2024-05-29T12:41:39 IST" duration-ms="1374" status="PASS">
          <params>
            <param index="0">
              <value>
                <![CDATA[TestUser1]]>
              </value>
            </param>
          </params>
          <reporter-output>
          </reporter-output>
        </test-method> <!-- testDeleteUserByName -->
        <test-method signature="testDeleteUserByName(java.lang.String)[pri:2, instance:api.test.DDTests@1ed4ae0f]" started-at="2024-05-29T12:41:39 IST" name="testDeleteUserByName" data-provider="UserNames" finished-at="2024-05-29T12:41:41 IST" duration-ms="1322" status="PASS">
          <params>
            <param index="0">
              <value>
                <![CDATA[TestUser2]]>
              </value>
            </param>
          </params>
          <reporter-output>
          </reporter-output>
        </test-method> <!-- testDeleteUserByName -->
        <test-method signature="testDeleteUserByName(java.lang.String)[pri:2, instance:api.test.DDTests@1ed4ae0f]" started-at="2024-05-29T12:41:41 IST" name="testDeleteUserByName" data-provider="UserNames" finished-at="2024-05-29T12:41:42 IST" duration-ms="1320" status="PASS">
          <params>
            <param index="0">
              <value>
                <![CDATA[TestUser3]]>
              </value>
            </param>
          </params>
          <reporter-output>
          </reporter-output>
        </test-method> <!-- testDeleteUserByName -->
        <test-method signature="testDeleteUserByName(java.lang.String)[pri:2, instance:api.test.DDTests@1ed4ae0f]" started-at="2024-05-29T12:41:42 IST" name="testDeleteUserByName" data-provider="UserNames" finished-at="2024-05-29T12:41:44 IST" duration-ms="1518" status="PASS">
          <params>
            <param index="0">
              <value>
                <![CDATA[TestUser4]]>
              </value>
            </param>
          </params>
          <reporter-output>
          </reporter-output>
        </test-method> <!-- testDeleteUserByName -->
        <test-method signature="testDeleteUserByName(java.lang.String)[pri:2, instance:api.test.DDTests@1ed4ae0f]" started-at="2024-05-29T12:41:44 IST" name="testDeleteUserByName" data-provider="UserNames" finished-at="2024-05-29T12:41:45 IST" duration-ms="1437" status="PASS">
          <params>
            <param index="0">
              <value>
                <![CDATA[TestUser5]]>
              </value>
            </param>
          </params>
          <reporter-output>
          </reporter-output>
        </test-method> <!-- testDeleteUserByName -->
        <test-method signature="testDeleteUserByName(java.lang.String)[pri:2, instance:api.test.DDTests@1ed4ae0f]" started-at="2024-05-29T12:41:45 IST" name="testDeleteUserByName" data-provider="UserNames" finished-at="2024-05-29T12:41:47 IST" duration-ms="1732" status="PASS">
          <params>
            <param index="0">
              <value>
                <![CDATA[TestUser6]]>
              </value>
            </param>
          </params>
          <reporter-output>
          </reporter-output>
        </test-method> <!-- testDeleteUserByName -->
      </class> <!-- api.test.DDTests -->
    </test> <!-- PetTest -->
  </suite> <!-- PetSuite -->
</testng-results>
