<?xml version="1.0" encoding="UTF-8"?>
<!-- Generated by org.testng.reporters.JUnitXMLReporter -->
<testsuite ignored="0" hostname="Rajaneesh" failures="0" tests="16" name="PetTest" time="33.817" errors="0" timestamp="2024-05-29T12:44:08 IST">
  <testcase classname="api.test.UserTests2" name="testPostUser" time="4.602"/>
  <testcase classname="api.test.UserTests2" name="testGetUserByName" time="1.614"/>
  <testcase classname="api.test.UserTests2" name="testUpdateUserByName" time="2.862"/>
  <testcase classname="api.test.UserTests2" name="testDeleteUserByName" time="1.528"/>
  <testcase classname="api.test.DDTests" name="testPostUser" time="1.565"/>
  <testcase classname="api.test.DDTests" name="testPostUser" time="1.531"/>
  <testcase classname="api.test.DDTests" name="testPostUser" time="1.435"/>
  <testcase classname="api.test.DDTests" name="testPostUser" time="1.255"/>
  <testcase classname="api.test.DDTests" name="testPostUser" time="1.325"/>
  <testcase classname="api.test.DDTests" name="testPostUser" time="1.404"/>
  <testcase classname="api.test.DDTests" name="testDeleteUserByName" time="1.353"/>
  <testcase classname="api.test.DDTests" name="testDeleteUserByName" time="1.369"/>
  <testcase classname="api.test.DDTests" name="testDeleteUserByName" time="1.381"/>
  <testcase classname="api.test.DDTests" name="testDeleteUserByName" time="1.483"/>
  <testcase classname="api.test.DDTests" name="testDeleteUserByName" time="1.48"/>
  <testcase classname="api.test.DDTests" name="testDeleteUserByName" time="1.446"/>
</testsuite> <!-- PetTest -->
