<?xml version="1.0" encoding="UTF-8"?>
<!-- Generated by org.testng.reporters.JUnitXMLReporter -->
<testsuite ignored="0" hostname="Rajaneesh" failures="0" tests="16" name="PetTest" time="33.497" errors="0" timestamp="2024-05-29T12:41:48 IST">
  <testcase classname="api.test.UserTests2" name="testPostUser" time="5.238"/>
  <testcase classname="api.test.UserTests2" name="testGetUserByName" time="1.457"/>
  <testcase classname="api.test.UserTests2" name="testUpdateUserByName" time="2.572"/>
  <testcase classname="api.test.UserTests2" name="testDeleteUserByName" time="1.26"/>
  <testcase classname="api.test.DDTests" name="testPostUser" time="1.446"/>
  <testcase classname="api.test.DDTests" name="testPostUser" time="1.223"/>
  <testcase classname="api.test.DDTests" name="testPostUser" time="1.538"/>
  <testcase classname="api.test.DDTests" name="testPostUser" time="1.433"/>
  <testcase classname="api.test.DDTests" name="testPostUser" time="1.526"/>
  <testcase classname="api.test.DDTests" name="testPostUser" time="1.394"/>
  <testcase classname="api.test.DDTests" name="testDeleteUserByName" time="1.374"/>
  <testcase classname="api.test.DDTests" name="testDeleteUserByName" time="1.322"/>
  <testcase classname="api.test.DDTests" name="testDeleteUserByName" time="1.32"/>
  <testcase classname="api.test.DDTests" name="testDeleteUserByName" time="1.518"/>
  <testcase classname="api.test.DDTests" name="testDeleteUserByName" time="1.437"/>
  <testcase classname="api.test.DDTests" name="testDeleteUserByName" time="1.732"/>
</testsuite> <!-- PetTest -->
