<?xml version="1.0" encoding="UTF-8"?>
<!-- Generated by org.testng.reporters.JUnitXMLReporter -->
<testsuite ignored="0" hostname="Rajaneesh" failures="0" tests="4" name="PetTest" time="11.361" errors="0" timestamp="2024-01-18T16:28:54 IST">
  <testcase classname="api.test.UserTests2" name="testPostUser" time="3.904"/>
  <testcase classname="api.test.UserTests2" name="testGetUserByName" time="1.417"/>
  <testcase classname="api.test.UserTests2" name="testUpdateUserByName" time="3.055"/>
  <testcase classname="api.test.UserTests2" name="testDeleteUserByName" time="1.437"/>
</testsuite> <!-- PetTest -->
